d:\git\ja_proj\filtrbw\filtrbw\x64\debug\filtrbw.pch
d:\git\ja_proj\filtrbw\filtrbw\x64\debug\vc143.pdb
d:\git\ja_proj\filtrbw\filtrbw\x64\debug\pch.obj
d:\git\ja_proj\filtrbw\filtrbw\x64\debug\form1.obj
d:\git\ja_proj\filtrbw\filtrbw\x64\debug\main.obj
d:\git\ja_proj\filtrbw\filtrbw\x64\debug\assemblyinfo.obj
d:\git\ja_proj\filtrbw\filtrbw\x64\debug\.netframework,version=v4.7.2.assemblyattributes.obj
d:\git\ja_proj\filtrbw\x64\debug\filtrbw.exe
d:\git\ja_proj\filtrbw\x64\debug\filtrbw.pdb
d:\git\ja_proj\filtrbw\filtrbw\x64\debug\app.res
d:\git\ja_proj\filtrbw\filtrbw\x64\debug\filtrbw.tlog\cl.command.1.tlog
d:\git\ja_proj\filtrbw\filtrbw\x64\debug\filtrbw.tlog\cl.items.tlog
d:\git\ja_proj\filtrbw\filtrbw\x64\debug\filtrbw.tlog\cl.read.1.tlog
d:\git\ja_proj\filtrbw\filtrbw\x64\debug\filtrbw.tlog\cl.write.1.tlog
d:\git\ja_proj\filtrbw\filtrbw\x64\debug\filtrbw.tlog\link.command.1.tlog
d:\git\ja_proj\filtrbw\filtrbw\x64\debug\filtrbw.tlog\link.read.1.tlog
d:\git\ja_proj\filtrbw\filtrbw\x64\debug\filtrbw.tlog\link.write.1.tlog
d:\git\ja_proj\filtrbw\filtrbw\x64\debug\filtrbw.tlog\metagen.read.1.tlog
d:\git\ja_proj\filtrbw\filtrbw\x64\debug\filtrbw.tlog\metagen.write.1.tlog
d:\git\ja_proj\filtrbw\filtrbw\x64\debug\filtrbw.tlog\rc.command.1.tlog
d:\git\ja_proj\filtrbw\filtrbw\x64\debug\filtrbw.tlog\rc.read.1.tlog
d:\git\ja_proj\filtrbw\filtrbw\x64\debug\filtrbw.tlog\rc.write.1.tlog
d:\git\ja_proj\filtrbw\filtrbw\x64\debug\filtrbw.tlog\resgen.command.1.tlog
d:\git\ja_proj\filtrbw\filtrbw\x64\debug\filtrbw.tlog\resgen.read.1.tlog
d:\git\ja_proj\filtrbw\filtrbw\x64\debug\filtrbw.tlog\resgen.write.1.tlog
